INFO 2025-03-18 01:35:01,905 autoreload 27745 8226224192 Watching for file changes with StatReloader
INFO 2025-03-18 01:35:09,766 basehttp 27745 6176075776 "OPTIONS /api/login/ HTTP/1.1" 200 0
INFO 2025-03-18 01:35:09,944 basehttp 27745 6159249408 "POST /api/login/ HTTP/1.1" 200 57
INFO 2025-03-18 01:35:12,907 basehttp 27745 6176075776 "OPTIONS /api/myaccount/ HTTP/1.1" 200 0
INFO 2025-03-18 01:35:12,914 basehttp 27745 6159249408 "GET /api/myaccount/ HTTP/1.1" 200 153
INFO 2025-03-18 01:35:12,922 basehttp 27745 6176075776 "OPTIONS /api/cars/ HTTP/1.1" 200 0
INFO 2025-03-18 01:35:12,924 basehttp 27745 6159249408 "GET /api/myaccount/ HTTP/1.1" 200 153
INFO 2025-03-18 01:35:12,928 basehttp 27745 6192902144 "GET /api/cars/ HTTP/1.1" 200 4347
INFO 2025-03-18 01:35:12,934 basehttp 27745 6192902144 "GET /api/cars/ HTTP/1.1" 200 4347
INFO 2025-03-18 01:35:13,586 basehttp 27745 6209728512 "GET /api/myaccount/ HTTP/1.1" 200 153
INFO 2025-03-18 01:35:13,587 basehttp 27745 6226554880 "GET /api/myaccount/ HTTP/1.1" 200 153
INFO 2025-03-18 01:35:14,321 basehttp 27745 6243381248 "OPTIONS /api/movies/ HTTP/1.1" 200 0
INFO 2025-03-18 01:35:14,323 basehttp 27745 6209728512 "GET /api/movies/ HTTP/1.1" 200 124
INFO 2025-03-18 01:35:14,325 basehttp 27745 6226554880 "GET /api/movies/ HTTP/1.1" 200 124
INFO 2025-03-18 01:35:15,153 basehttp 27745 6243381248 "OPTIONS /api/foods/ HTTP/1.1" 200 0
INFO 2025-03-18 01:35:15,153 basehttp 27745 6260207616 "OPTIONS /api/foods/ HTTP/1.1" 200 0
INFO 2025-03-18 01:35:15,156 basehttp 27745 6226554880 "GET /api/foods/ HTTP/1.1" 200 78
INFO 2025-03-18 01:35:15,156 basehttp 27745 6209728512 "GET /api/foods/ HTTP/1.1" 200 78
INFO 2025-03-18 01:35:15,858 basehttp 27745 6209728512 "GET /api/movies/ HTTP/1.1" 200 124
INFO 2025-03-18 01:35:15,859 basehttp 27745 6226554880 "GET /api/movies/ HTTP/1.1" 200 124
INFO 2025-03-18 01:35:16,622 basehttp 27745 6209728512 "GET /api/foods/ HTTP/1.1" 200 78
INFO 2025-03-18 01:35:16,624 basehttp 27745 6226554880 "GET /api/foods/ HTTP/1.1" 200 78
INFO 2025-03-18 01:35:18,178 basehttp 27745 6209728512 "GET /api/movies/ HTTP/1.1" 200 124
INFO 2025-03-18 01:35:18,180 basehttp 27745 6226554880 "GET /api/movies/ HTTP/1.1" 200 124
INFO 2025-03-18 01:35:18,865 basehttp 27745 6209728512 "GET /api/foods/ HTTP/1.1" 200 78
INFO 2025-03-18 01:35:18,871 basehttp 27745 6226554880 "GET /api/foods/ HTTP/1.1" 200 78
INFO 2025-03-18 01:35:19,489 basehttp 27745 6209728512 "GET /api/movies/ HTTP/1.1" 200 124
INFO 2025-03-18 01:35:19,490 basehttp 27745 6226554880 "GET /api/movies/ HTTP/1.1" 200 124
INFO 2025-03-18 01:35:20,306 basehttp 27745 6209728512 "GET /api/foods/ HTTP/1.1" 200 78
INFO 2025-03-18 01:35:20,308 basehttp 27745 6226554880 "GET /api/foods/ HTTP/1.1" 200 78
INFO 2025-03-18 01:35:22,836 basehttp 27745 6209728512 "GET /api/foods/ HTTP/1.1" 200 78
INFO 2025-03-18 01:35:22,838 basehttp 27745 6226554880 "GET /api/foods/ HTTP/1.1" 200 78
INFO 2025-03-18 01:35:29,528 basehttp 27745 6209728512 "GET /api/myaccount/ HTTP/1.1" 200 153
INFO 2025-03-18 01:35:29,533 basehttp 27745 6226554880 "GET /api/myaccount/ HTTP/1.1" 200 153
INFO 2025-03-18 01:35:31,022 basehttp 27745 6192902144 "GET /api/myaccount/ HTTP/1.1" 200 153
INFO 2025-03-18 01:35:31,030 basehttp 27745 6192902144 "GET /api/myaccount/ HTTP/1.1" 200 153
INFO 2025-03-18 01:35:31,032 basehttp 27745 6159249408 "GET /api/cars/ HTTP/1.1" 200 4347
INFO 2025-03-18 01:35:31,039 basehttp 27745 6192902144 "GET /api/cars/ HTTP/1.1" 200 4347
INFO 2025-03-18 01:35:32,334 basehttp 27745 6209728512 "GET /api/myaccount/ HTTP/1.1" 200 153
INFO 2025-03-18 01:35:32,341 basehttp 27745 6226554880 "GET /api/myaccount/ HTTP/1.1" 200 153
INFO 2025-03-18 01:36:41,801 basehttp 27745 6243381248 "OPTIONS /api/users/create HTTP/1.1" 200 0
WARNING 2025-03-18 01:36:41,818 log 27745 6260207616 Forbidden: /api/users/create
WARNING 2025-03-18 01:36:41,819 basehttp 27745 6260207616 "POST /api/users/create HTTP/1.1" 403 58
INFO 2025-03-18 01:38:12,450 basehttp 27745 6159249408 "POST /api/login/ HTTP/1.1" 200 57
INFO 2025-03-18 01:38:13,456 basehttp 27745 6159249408 "GET /api/myaccount/ HTTP/1.1" 200 153
INFO 2025-03-18 01:38:13,462 basehttp 27745 6159249408 "GET /api/myaccount/ HTTP/1.1" 200 153
INFO 2025-03-18 01:38:17,473 basehttp 27745 6176075776 "OPTIONS /api/logout/ HTTP/1.1" 200 0
INFO 2025-03-18 01:38:17,478 basehttp 27745 6159249408 "POST /api/logout/ HTTP/1.1" 200 37
INFO 2025-03-18 01:38:20,691 basehttp 27745 6159249408 "POST /api/login/ HTTP/1.1" 200 57
WARNING 2025-03-18 01:38:22,183 log 27745 6159249408 Forbidden: /api/myaccount/
WARNING 2025-03-18 01:38:22,183 basehttp 27745 6159249408 "GET /api/myaccount/ HTTP/1.1" 403 58
WARNING 2025-03-18 01:38:22,185 log 27745 6159249408 Forbidden: /api/myaccount/
WARNING 2025-03-18 01:38:22,185 basehttp 27745 6159249408 "GET /api/myaccount/ HTTP/1.1" 403 58
WARNING 2025-03-18 01:39:04,087 log 27745 6159249408 Forbidden: /api/myaccount/
WARNING 2025-03-18 01:39:04,090 log 27745 6192902144 Forbidden: /api/myaccount/
WARNING 2025-03-18 01:39:04,090 basehttp 27745 6159249408 "GET /api/myaccount/ HTTP/1.1" 403 58
WARNING 2025-03-18 01:39:04,091 basehttp 27745 6192902144 "GET /api/myaccount/ HTTP/1.1" 403 58
WARNING 2025-03-18 01:39:04,098 log 27745 6159249408 Forbidden: /api/cars/
WARNING 2025-03-18 01:39:04,098 basehttp 27745 6159249408 "GET /api/cars/ HTTP/1.1" 403 58
WARNING 2025-03-18 01:39:04,099 log 27745 6159249408 Forbidden: /api/cars/
WARNING 2025-03-18 01:39:04,100 basehttp 27745 6159249408 "GET /api/cars/ HTTP/1.1" 403 58
WARNING 2025-03-18 01:39:06,545 log 27745 6159249408 Forbidden: /api/myaccount/
WARNING 2025-03-18 01:39:06,545 log 27745 6192902144 Forbidden: /api/myaccount/
WARNING 2025-03-18 01:39:06,546 basehttp 27745 6159249408 "GET /api/myaccount/ HTTP/1.1" 403 58
WARNING 2025-03-18 01:39:06,546 basehttp 27745 6192902144 "GET /api/myaccount/ HTTP/1.1" 403 58
WARNING 2025-03-18 01:39:07,529 log 27745 6159249408 Forbidden: /api/logout/
WARNING 2025-03-18 01:39:07,530 basehttp 27745 6159249408 "POST /api/logout/ HTTP/1.1" 403 58
WARNING 2025-03-18 01:39:09,377 log 27745 6159249408 Forbidden: /api/logout/
WARNING 2025-03-18 01:39:09,377 basehttp 27745 6159249408 "POST /api/logout/ HTTP/1.1" 403 58
WARNING 2025-03-18 01:39:09,894 log 27745 6159249408 Forbidden: /api/logout/
WARNING 2025-03-18 01:39:09,894 basehttp 27745 6159249408 "POST /api/logout/ HTTP/1.1" 403 58
WARNING 2025-03-18 01:39:10,094 log 27745 6159249408 Forbidden: /api/logout/
WARNING 2025-03-18 01:39:10,095 basehttp 27745 6159249408 "POST /api/logout/ HTTP/1.1" 403 58
WARNING 2025-03-18 01:39:10,258 log 27745 6159249408 Forbidden: /api/logout/
WARNING 2025-03-18 01:39:10,258 basehttp 27745 6159249408 "POST /api/logout/ HTTP/1.1" 403 58
WARNING 2025-03-18 01:39:10,410 log 27745 6159249408 Forbidden: /api/logout/
WARNING 2025-03-18 01:39:10,411 basehttp 27745 6159249408 "POST /api/logout/ HTTP/1.1" 403 58
WARNING 2025-03-18 01:39:10,575 log 27745 6159249408 Forbidden: /api/logout/
WARNING 2025-03-18 01:39:10,575 basehttp 27745 6159249408 "POST /api/logout/ HTTP/1.1" 403 58
WARNING 2025-03-18 01:39:10,739 log 27745 6159249408 Forbidden: /api/logout/
WARNING 2025-03-18 01:39:10,740 basehttp 27745 6159249408 "POST /api/logout/ HTTP/1.1" 403 58
WARNING 2025-03-18 01:39:12,088 log 27745 6159249408 Forbidden: /api/logout/
WARNING 2025-03-18 01:39:12,088 basehttp 27745 6159249408 "POST /api/logout/ HTTP/1.1" 403 58
WARNING 2025-03-18 01:39:18,049 log 27745 6159249408 Forbidden: /api/logout/
WARNING 2025-03-18 01:39:18,051 basehttp 27745 6159249408 "POST /api/logout/ HTTP/1.1" 403 58
WARNING 2025-03-18 01:39:20,109 log 27745 6159249408 Forbidden: /api/myaccount/
WARNING 2025-03-18 01:39:20,110 log 27745 6192902144 Forbidden: /api/myaccount/
WARNING 2025-03-18 01:39:20,110 basehttp 27745 6159249408 "GET /api/myaccount/ HTTP/1.1" 403 58
WARNING 2025-03-18 01:39:20,111 basehttp 27745 6192902144 "GET /api/myaccount/ HTTP/1.1" 403 58
WARNING 2025-03-18 01:39:21,609 log 27745 6159249408 Forbidden: /api/logout/
WARNING 2025-03-18 01:39:21,610 basehttp 27745 6159249408 "POST /api/logout/ HTTP/1.1" 403 58
WARNING 2025-03-18 01:39:21,773 log 27745 6159249408 Forbidden: /api/logout/
WARNING 2025-03-18 01:39:21,773 basehttp 27745 6159249408 "POST /api/logout/ HTTP/1.1" 403 58
WARNING 2025-03-18 01:39:22,195 log 27745 6159249408 Forbidden: /api/logout/
WARNING 2025-03-18 01:39:22,196 basehttp 27745 6159249408 "POST /api/logout/ HTTP/1.1" 403 58
WARNING 2025-03-18 01:39:22,379 log 27745 6159249408 Forbidden: /api/logout/
WARNING 2025-03-18 01:39:22,380 basehttp 27745 6159249408 "POST /api/logout/ HTTP/1.1" 403 58
WARNING 2025-03-18 01:39:22,545 log 27745 6159249408 Forbidden: /api/logout/
WARNING 2025-03-18 01:39:22,546 basehttp 27745 6159249408 "POST /api/logout/ HTTP/1.1" 403 58
WARNING 2025-03-18 01:39:27,517 log 27745 6159249408 Forbidden: /api/logout/
WARNING 2025-03-18 01:39:27,518 basehttp 27745 6159249408 "POST /api/logout/ HTTP/1.1" 403 58
WARNING 2025-03-18 01:39:29,919 log 27745 6159249408 Forbidden: /api/myaccount/
WARNING 2025-03-18 01:39:29,919 log 27745 6192902144 Forbidden: /api/myaccount/
WARNING 2025-03-18 01:39:29,920 basehttp 27745 6159249408 "GET /api/myaccount/ HTTP/1.1" 403 58
WARNING 2025-03-18 01:39:29,920 basehttp 27745 6192902144 "GET /api/myaccount/ HTTP/1.1" 403 58
WARNING 2025-03-18 01:39:29,926 log 27745 6159249408 Forbidden: /api/cars/
WARNING 2025-03-18 01:39:29,927 log 27745 6192902144 Forbidden: /api/cars/
WARNING 2025-03-18 01:39:29,927 basehttp 27745 6159249408 "GET /api/cars/ HTTP/1.1" 403 58
WARNING 2025-03-18 01:39:29,927 basehttp 27745 6192902144 "GET /api/cars/ HTTP/1.1" 403 58
WARNING 2025-03-18 01:39:36,776 log 27745 6159249408 Forbidden: /api/myaccount/
WARNING 2025-03-18 01:39:36,777 log 27745 6192902144 Forbidden: /api/myaccount/
WARNING 2025-03-18 01:39:36,777 basehttp 27745 6159249408 "GET /api/myaccount/ HTTP/1.1" 403 58
WARNING 2025-03-18 01:39:36,778 basehttp 27745 6192902144 "GET /api/myaccount/ HTTP/1.1" 403 58
WARNING 2025-03-18 01:39:38,572 log 27745 6159249408 Forbidden: /api/logout/
WARNING 2025-03-18 01:39:38,573 basehttp 27745 6159249408 "POST /api/logout/ HTTP/1.1" 403 58
WARNING 2025-03-18 01:39:38,726 log 27745 6159249408 Forbidden: /api/logout/
WARNING 2025-03-18 01:39:38,727 basehttp 27745 6159249408 "POST /api/logout/ HTTP/1.1" 403 58
WARNING 2025-03-18 01:39:38,884 log 27745 6159249408 Forbidden: /api/logout/
WARNING 2025-03-18 01:39:38,884 basehttp 27745 6159249408 "POST /api/logout/ HTTP/1.1" 403 58
WARNING 2025-03-18 01:39:39,047 log 27745 6159249408 Forbidden: /api/logout/
WARNING 2025-03-18 01:39:39,047 basehttp 27745 6159249408 "POST /api/logout/ HTTP/1.1" 403 58
WARNING 2025-03-18 01:39:44,293 log 27745 6159249408 Forbidden: /api/logout/
WARNING 2025-03-18 01:39:44,294 basehttp 27745 6159249408 "POST /api/logout/ HTTP/1.1" 403 58
INFO 2025-03-18 01:47:06,502 autoreload 27745 8226224192 /Users/silverstalaninbaraj/Desktop/PandaCar---Django-React-main/backend/api/views.py changed, reloading.
INFO 2025-03-18 01:47:06,851 autoreload 27914 8226224192 Watching for file changes with StatReloader
INFO 2025-03-18 01:47:33,411 basehttp 27914 6125465600 "OPTIONS /api/users/create HTTP/1.1" 200 0
WARNING 2025-03-18 01:47:33,433 log 27914 6125465600 Bad Request: /api/users/create
WARNING 2025-03-18 01:47:33,433 basehttp 27914 6125465600 "POST /api/users/create HTTP/1.1" 400 64
WARNING 2025-03-18 01:47:35,132 log 27914 6125465600 Bad Request: /api/users/create
WARNING 2025-03-18 01:47:35,132 basehttp 27914 6125465600 "POST /api/users/create HTTP/1.1" 400 64
INFO 2025-03-18 01:47:39,606 basehttp 27914 6125465600 "POST /api/users/create HTTP/1.1" 201 166
INFO 2025-03-18 01:47:44,554 basehttp 27914 6142291968 "POST /api/login/ HTTP/1.1" 200 57
WARNING 2025-03-18 01:47:49,753 log 27914 6142291968 Forbidden: /api/myaccount/
WARNING 2025-03-18 01:47:49,755 log 27914 6159118336 Forbidden: /api/myaccount/
WARNING 2025-03-18 01:47:49,755 basehttp 27914 6142291968 "GET /api/myaccount/ HTTP/1.1" 403 58
WARNING 2025-03-18 01:47:49,755 basehttp 27914 6159118336 "GET /api/myaccount/ HTTP/1.1" 403 58
INFO 2025-03-18 01:47:54,138 basehttp 27914 6142291968 "POST /api/logout/ HTTP/1.1" 200 37
WARNING 2025-03-18 01:48:00,819 log 27914 6159118336 Unauthorized: /api/login/
WARNING 2025-03-18 01:48:00,819 basehttp 27914 6159118336 "POST /api/login/ HTTP/1.1" 401 63
WARNING 2025-03-18 01:48:10,271 log 27914 6159118336 Forbidden: /api/myaccount/
WARNING 2025-03-18 01:48:10,272 log 27914 6142291968 Forbidden: /api/myaccount/
WARNING 2025-03-18 01:48:10,273 basehttp 27914 6142291968 "GET /api/myaccount/ HTTP/1.1" 403 58
WARNING 2025-03-18 01:48:10,273 basehttp 27914 6159118336 "GET /api/myaccount/ HTTP/1.1" 403 58
INFO 2025-03-18 01:48:11,350 basehttp 27914 6159118336 "POST /api/logout/ HTTP/1.1" 200 37
WARNING 2025-03-18 01:48:20,458 log 27914 6159118336 Unauthorized: /api/login/
WARNING 2025-03-18 01:48:20,458 basehttp 27914 6159118336 "POST /api/login/ HTTP/1.1" 401 63
INFO 2025-03-18 01:50:21,236 basehttp 27914 6125465600 "GET /api/movies/ HTTP/1.1" 200 393
INFO 2025-03-18 01:50:21,239 basehttp 27914 6125465600 "GET /api/movies/ HTTP/1.1" 200 393
WARNING 2025-03-18 01:50:26,647 log 27914 6159118336 Unauthorized: /api/login/
WARNING 2025-03-18 01:50:26,648 basehttp 27914 6159118336 "POST /api/login/ HTTP/1.1" 401 63
INFO 2025-03-18 01:50:34,530 basehttp 27914 6159118336 "POST /api/login/ HTTP/1.1" 200 57
WARNING 2025-03-18 01:50:45,832 log 27914 6159118336 Forbidden: /api/myaccount/
WARNING 2025-03-18 01:50:45,835 log 27914 6142291968 Forbidden: /api/myaccount/
WARNING 2025-03-18 01:50:45,835 basehttp 27914 6159118336 "GET /api/myaccount/ HTTP/1.1" 403 58
WARNING 2025-03-18 01:50:45,835 basehttp 27914 6142291968 "GET /api/myaccount/ HTTP/1.1" 403 58
WARNING 2025-03-18 01:50:45,843 log 27914 6142291968 Forbidden: /api/cars/
WARNING 2025-03-18 01:50:45,844 log 27914 6159118336 Forbidden: /api/cars/
WARNING 2025-03-18 01:50:45,844 basehttp 27914 6142291968 "GET /api/cars/ HTTP/1.1" 403 58
WARNING 2025-03-18 01:50:45,844 basehttp 27914 6159118336 "GET /api/cars/ HTTP/1.1" 403 58
WARNING 2025-03-18 01:50:48,944 log 27914 6159118336 Forbidden: /api/myaccount/
WARNING 2025-03-18 01:50:48,945 log 27914 6142291968 Forbidden: /api/myaccount/
WARNING 2025-03-18 01:50:48,945 basehttp 27914 6159118336 "GET /api/myaccount/ HTTP/1.1" 403 58
WARNING 2025-03-18 01:50:48,945 basehttp 27914 6142291968 "GET /api/myaccount/ HTTP/1.1" 403 58
INFO 2025-03-18 01:50:49,932 basehttp 27914 6159118336 "POST /api/logout/ HTTP/1.1" 200 37
INFO 2025-03-18 01:50:49,951 basehttp 27914 6125465600 "GET /api/movies/ HTTP/1.1" 200 393
INFO 2025-03-18 01:50:49,953 basehttp 27914 6125465600 "GET /api/movies/ HTTP/1.1" 200 393
WARNING 2025-03-18 01:50:54,995 log 27914 6159118336 Unauthorized: /api/login/
WARNING 2025-03-18 01:50:54,996 basehttp 27914 6159118336 "POST /api/login/ HTTP/1.1" 401 63
WARNING 2025-03-18 01:52:28,225 log 27914 6159118336 Unauthorized: /api/login/
WARNING 2025-03-18 01:52:28,227 basehttp 27914 6159118336 "POST /api/login/ HTTP/1.1" 401 63
WARNING 2025-03-18 01:52:33,052 log 27914 6159118336 Unauthorized: /api/login/
WARNING 2025-03-18 01:52:33,052 basehttp 27914 6159118336 "POST /api/login/ HTTP/1.1" 401 63
INFO 2025-03-18 01:52:38,902 basehttp 27914 6159118336 "POST /api/login/ HTTP/1.1" 200 57
WARNING 2025-03-18 01:52:40,566 log 27914 6159118336 Forbidden: /api/myaccount/
WARNING 2025-03-18 01:52:40,567 log 27914 6142291968 Forbidden: /api/myaccount/
WARNING 2025-03-18 01:52:40,567 basehttp 27914 6159118336 "GET /api/myaccount/ HTTP/1.1" 403 58
WARNING 2025-03-18 01:52:40,567 basehttp 27914 6142291968 "GET /api/myaccount/ HTTP/1.1" 403 58
WARNING 2025-03-18 01:52:40,575 log 27914 6142291968 Forbidden: /api/cars/
WARNING 2025-03-18 01:52:40,576 log 27914 6159118336 Forbidden: /api/cars/
WARNING 2025-03-18 01:52:40,576 basehttp 27914 6142291968 "GET /api/cars/ HTTP/1.1" 403 58
WARNING 2025-03-18 01:52:40,577 basehttp 27914 6159118336 "GET /api/cars/ HTTP/1.1" 403 58
WARNING 2025-03-18 01:52:43,919 log 27914 6159118336 Forbidden: /api/myaccount/
WARNING 2025-03-18 01:52:43,920 log 27914 6142291968 Forbidden: /api/myaccount/
WARNING 2025-03-18 01:52:43,920 basehttp 27914 6142291968 "GET /api/myaccount/ HTTP/1.1" 403 58
WARNING 2025-03-18 01:52:43,921 basehttp 27914 6159118336 "GET /api/myaccount/ HTTP/1.1" 403 58
INFO 2025-03-18 01:52:44,963 basehttp 27914 6159118336 "POST /api/logout/ HTTP/1.1" 200 37
INFO 2025-03-18 01:52:44,982 basehttp 27914 6175944704 "GET /api/movies/ HTTP/1.1" 200 393
INFO 2025-03-18 01:52:44,983 basehttp 27914 6175944704 "GET /api/movies/ HTTP/1.1" 200 393
WARNING 2025-03-18 01:55:20,352 log 27914 6125465600 Bad Request: /api/users/create
WARNING 2025-03-18 01:55:20,353 basehttp 27914 6125465600 "POST /api/users/create HTTP/1.1" 400 66
WARNING 2025-03-18 01:55:36,851 log 27914 6125465600 Bad Request: /api/users/create
WARNING 2025-03-18 01:55:36,852 basehttp 27914 6125465600 "POST /api/users/create HTTP/1.1" 400 66
WARNING 2025-03-18 01:55:37,542 log 27914 6125465600 Bad Request: /api/users/create
WARNING 2025-03-18 01:55:37,543 basehttp 27914 6125465600 "POST /api/users/create HTTP/1.1" 400 66
WARNING 2025-03-18 01:55:37,740 log 27914 6125465600 Bad Request: /api/users/create
WARNING 2025-03-18 01:55:37,741 basehttp 27914 6125465600 "POST /api/users/create HTTP/1.1" 400 66
INFO 2025-03-18 01:55:42,795 basehttp 27914 6125465600 "POST /api/users/create HTTP/1.1" 201 159
INFO 2025-03-18 01:55:45,080 basehttp 27914 6125465600 "GET /api/movies/ HTTP/1.1" 200 393
INFO 2025-03-18 01:55:45,081 basehttp 27914 6125465600 "GET /api/movies/ HTTP/1.1" 200 393
INFO 2025-03-18 01:58:45,451 basehttp 27914 6125465600 "GET /api/movies/ HTTP/1.1" 200 393
INFO 2025-03-18 01:58:45,452 basehttp 27914 6125465600 "GET /api/movies/ HTTP/1.1" 200 393
INFO 2025-03-18 01:58:46,369 basehttp 27914 6125465600 "GET /api/movies/ HTTP/1.1" 200 393
INFO 2025-03-18 01:58:46,371 basehttp 27914 6125465600 "GET /api/movies/ HTTP/1.1" 200 393
INFO 2025-03-18 01:58:46,509 basehttp 27914 6125465600 "GET /api/movies/ HTTP/1.1" 200 393
INFO 2025-03-18 01:58:46,510 basehttp 27914 6125465600 "GET /api/movies/ HTTP/1.1" 200 393
INFO 2025-03-18 01:58:46,669 basehttp 27914 6125465600 "GET /api/movies/ HTTP/1.1" 200 393
INFO 2025-03-18 01:58:46,670 basehttp 27914 6125465600 "GET /api/movies/ HTTP/1.1" 200 393
INFO 2025-03-18 01:58:47,066 basehttp 27914 6125465600 "GET /api/movies/ HTTP/1.1" 200 393
INFO 2025-03-18 01:58:47,068 basehttp 27914 6125465600 "GET /api/movies/ HTTP/1.1" 200 393
INFO 2025-03-18 01:59:04,436 basehttp 27914 6125465600 "GET /api/movies/ HTTP/1.1" 200 393
INFO 2025-03-18 01:59:04,438 basehttp 27914 6125465600 "GET /api/movies/ HTTP/1.1" 200 393
WARNING 2025-03-18 02:00:34,674 log 27914 6142291968 Forbidden: /api/myaccount/
WARNING 2025-03-18 02:00:34,676 log 27914 6159118336 Forbidden: /api/myaccount/
WARNING 2025-03-18 02:00:34,677 basehttp 27914 6142291968 "GET /api/myaccount/ HTTP/1.1" 403 58
WARNING 2025-03-18 02:00:34,677 basehttp 27914 6159118336 "GET /api/myaccount/ HTTP/1.1" 403 58
INFO 2025-03-18 02:00:35,519 basehttp 27914 6142291968 "POST /api/logout/ HTTP/1.1" 200 37
INFO 2025-03-18 02:00:40,221 basehttp 27914 6125465600 "GET /api/movies/ HTTP/1.1" 200 393
INFO 2025-03-18 02:00:40,222 basehttp 27914 6125465600 "GET /api/movies/ HTTP/1.1" 200 393
INFO 2025-03-18 02:02:32,208 basehttp 27914 6125465600 "GET /api/movies/ HTTP/1.1" 200 393
INFO 2025-03-18 02:02:32,209 basehttp 27914 6142291968 "GET /api/movies/ HTTP/1.1" 200 393
INFO 2025-03-18 02:03:38,138 basehttp 27914 6142291968 "GET /api/movies/ HTTP/1.1" 200 393
INFO 2025-03-18 02:03:38,139 basehttp 27914 6125465600 "GET /api/movies/ HTTP/1.1" 200 393
WARNING 2025-03-18 02:03:44,254 log 27914 6159118336 Unauthorized: /api/login/
WARNING 2025-03-18 02:03:44,255 basehttp 27914 6159118336 "POST /api/login/ HTTP/1.1" 401 63
INFO 2025-03-18 02:04:19,314 basehttp 27914 6142291968 "POST /api/users/create HTTP/1.1" 201 164
INFO 2025-03-18 02:04:21,255 basehttp 27914 6125465600 "GET /api/movies/ HTTP/1.1" 200 393
INFO 2025-03-18 02:04:21,257 basehttp 27914 6142291968 "GET /api/movies/ HTTP/1.1" 200 393
INFO 2025-03-18 02:04:26,978 basehttp 27914 6159118336 "POST /api/login/ HTTP/1.1" 200 57
WARNING 2025-03-18 02:04:29,220 log 27914 6159118336 Forbidden: /api/myaccount/
WARNING 2025-03-18 02:04:29,222 log 27914 6175944704 Forbidden: /api/myaccount/
WARNING 2025-03-18 02:04:29,222 basehttp 27914 6159118336 "GET /api/myaccount/ HTTP/1.1" 403 58
WARNING 2025-03-18 02:04:29,223 basehttp 27914 6175944704 "GET /api/myaccount/ HTTP/1.1" 403 58
INFO 2025-03-18 02:04:30,174 basehttp 27914 6159118336 "POST /api/logout/ HTTP/1.1" 200 37
INFO 2025-03-18 02:04:30,198 basehttp 27914 6125465600 "GET /api/movies/ HTTP/1.1" 200 393
INFO 2025-03-18 02:04:30,199 basehttp 27914 6142291968 "GET /api/movies/ HTTP/1.1" 200 393
WARNING 2025-03-18 02:04:38,473 log 27914 6159118336 Unauthorized: /api/login/
WARNING 2025-03-18 02:04:38,474 basehttp 27914 6159118336 "POST /api/login/ HTTP/1.1" 401 63
INFO 2025-03-18 02:04:46,347 basehttp 27914 6159118336 "POST /api/login/ HTTP/1.1" 200 57
WARNING 2025-03-18 02:04:48,719 log 27914 6159118336 Forbidden: /api/myaccount/
WARNING 2025-03-18 02:04:48,719 log 27914 6175944704 Forbidden: /api/myaccount/
WARNING 2025-03-18 02:04:48,720 basehttp 27914 6159118336 "GET /api/myaccount/ HTTP/1.1" 403 58
WARNING 2025-03-18 02:04:48,720 basehttp 27914 6175944704 "GET /api/myaccount/ HTTP/1.1" 403 58
WARNING 2025-03-18 02:04:48,725 log 27914 6175944704 Forbidden: /api/cars/
WARNING 2025-03-18 02:04:48,726 log 27914 6159118336 Forbidden: /api/cars/
WARNING 2025-03-18 02:04:48,726 basehttp 27914 6175944704 "GET /api/cars/ HTTP/1.1" 403 58
WARNING 2025-03-18 02:04:48,726 basehttp 27914 6159118336 "GET /api/cars/ HTTP/1.1" 403 58
WARNING 2025-03-18 02:04:49,625 log 27914 6159118336 Forbidden: /api/myaccount/
WARNING 2025-03-18 02:04:49,627 log 27914 6175944704 Forbidden: /api/myaccount/
WARNING 2025-03-18 02:04:49,627 basehttp 27914 6159118336 "GET /api/myaccount/ HTTP/1.1" 403 58
WARNING 2025-03-18 02:04:49,627 basehttp 27914 6175944704 "GET /api/myaccount/ HTTP/1.1" 403 58
WARNING 2025-03-18 02:04:51,167 log 27914 6159118336 Forbidden: /api/myaccount/
WARNING 2025-03-18 02:04:51,168 log 27914 6175944704 Forbidden: /api/myaccount/
WARNING 2025-03-18 02:04:51,169 basehttp 27914 6175944704 "GET /api/myaccount/ HTTP/1.1" 403 58
WARNING 2025-03-18 02:04:51,169 basehttp 27914 6159118336 "GET /api/myaccount/ HTTP/1.1" 403 58
WARNING 2025-03-18 02:04:51,173 log 27914 6175944704 Forbidden: /api/cars/
WARNING 2025-03-18 02:04:51,173 log 27914 6159118336 Forbidden: /api/cars/
WARNING 2025-03-18 02:04:51,174 basehttp 27914 6175944704 "GET /api/cars/ HTTP/1.1" 403 58
WARNING 2025-03-18 02:04:51,174 basehttp 27914 6159118336 "GET /api/cars/ HTTP/1.1" 403 58
WARNING 2025-03-18 02:05:01,257 log 27914 6159118336 Forbidden: /api/myaccount/
WARNING 2025-03-18 02:05:01,259 log 27914 6175944704 Forbidden: /api/myaccount/
WARNING 2025-03-18 02:05:01,259 basehttp 27914 6159118336 "GET /api/myaccount/ HTTP/1.1" 403 58
WARNING 2025-03-18 02:05:01,259 basehttp 27914 6175944704 "GET /api/myaccount/ HTTP/1.1" 403 58
WARNING 2025-03-18 02:08:56,085 log 27914 6125465600 Forbidden: /api/myaccount/
WARNING 2025-03-18 02:08:56,087 log 27914 6142291968 Forbidden: /api/myaccount/
WARNING 2025-03-18 02:08:56,087 basehttp 27914 6142291968 "GET /api/myaccount/ HTTP/1.1" 403 58
WARNING 2025-03-18 02:08:56,087 basehttp 27914 6125465600 "GET /api/myaccount/ HTTP/1.1" 403 58
WARNING 2025-03-18 02:09:20,652 log 27914 6142291968 Forbidden: /api/myaccount/
WARNING 2025-03-18 02:09:20,653 basehttp 27914 6142291968 "GET /api/myaccount/ HTTP/1.1" 403 58
INFO 2025-03-18 02:09:36,675 basehttp 27914 6125465600 "POST /api/logout/ HTTP/1.1" 200 37
INFO 2025-03-18 02:09:36,709 basehttp 27914 6159118336 "GET /api/movies/ HTTP/1.1" 200 393
INFO 2025-03-18 02:09:36,711 basehttp 27914 6159118336 "GET /api/movies/ HTTP/1.1" 200 393
INFO 2025-03-18 02:09:41,088 basehttp 27914 6142291968 "POST /api/login/ HTTP/1.1" 200 57
WARNING 2025-03-18 02:09:42,760 log 27914 6125465600 Forbidden: /api/myaccount/
WARNING 2025-03-18 02:09:42,761 log 27914 6142291968 Forbidden: /api/myaccount/
WARNING 2025-03-18 02:09:42,762 basehttp 27914 6142291968 "GET /api/myaccount/ HTTP/1.1" 403 58
WARNING 2025-03-18 02:09:42,762 basehttp 27914 6125465600 "GET /api/myaccount/ HTTP/1.1" 403 58
WARNING 2025-03-18 02:11:13,477 log 27914 6142291968 Forbidden: /api/myaccount/
WARNING 2025-03-18 02:11:13,477 log 27914 6125465600 Forbidden: /api/myaccount/
WARNING 2025-03-18 02:11:13,478 basehttp 27914 6125465600 "GET /api/myaccount/ HTTP/1.1" 403 58
WARNING 2025-03-18 02:11:13,478 basehttp 27914 6142291968 "GET /api/myaccount/ HTTP/1.1" 403 58
WARNING 2025-03-18 02:12:30,961 log 27914 6142291968 Forbidden: /api/myaccount/
WARNING 2025-03-18 02:12:30,964 basehttp 27914 6142291968 "GET /api/myaccount/ HTTP/1.1" 403 58
WARNING 2025-03-18 02:12:33,064 log 27914 6125465600 Forbidden: /api/myaccount/
WARNING 2025-03-18 02:12:33,065 log 27914 6142291968 Forbidden: /api/myaccount/
WARNING 2025-03-18 02:12:33,066 basehttp 27914 6125465600 "GET /api/myaccount/ HTTP/1.1" 403 58
WARNING 2025-03-18 02:12:33,066 basehttp 27914 6142291968 "GET /api/myaccount/ HTTP/1.1" 403 58
WARNING 2025-03-18 02:12:33,939 log 27914 6125465600 Forbidden: /api/myaccount/
WARNING 2025-03-18 02:12:33,940 log 27914 6142291968 Forbidden: /api/myaccount/
WARNING 2025-03-18 02:12:33,940 basehttp 27914 6125465600 "GET /api/myaccount/ HTTP/1.1" 403 58
WARNING 2025-03-18 02:12:33,941 basehttp 27914 6142291968 "GET /api/myaccount/ HTTP/1.1" 403 58
WARNING 2025-03-18 02:12:35,706 log 27914 6125465600 Forbidden: /api/myaccount/
WARNING 2025-03-18 02:12:35,706 log 27914 6142291968 Forbidden: /api/myaccount/
WARNING 2025-03-18 02:12:35,707 basehttp 27914 6125465600 "GET /api/myaccount/ HTTP/1.1" 403 58
WARNING 2025-03-18 02:12:35,707 basehttp 27914 6142291968 "GET /api/myaccount/ HTTP/1.1" 403 58
WARNING 2025-03-18 02:12:36,285 log 27914 6125465600 Forbidden: /api/myaccount/
WARNING 2025-03-18 02:12:36,286 log 27914 6142291968 Forbidden: /api/myaccount/
WARNING 2025-03-18 02:12:36,286 basehttp 27914 6125465600 "GET /api/myaccount/ HTTP/1.1" 403 58
WARNING 2025-03-18 02:12:36,286 basehttp 27914 6142291968 "GET /api/myaccount/ HTTP/1.1" 403 58
WARNING 2025-03-18 02:12:59,014 log 27914 6142291968 Forbidden: /api/myaccount/
WARNING 2025-03-18 02:12:59,015 log 27914 6125465600 Forbidden: /api/myaccount/
WARNING 2025-03-18 02:12:59,015 basehttp 27914 6142291968 "GET /api/myaccount/ HTTP/1.1" 403 58
WARNING 2025-03-18 02:12:59,015 basehttp 27914 6125465600 "GET /api/myaccount/ HTTP/1.1" 403 58
WARNING 2025-03-18 02:13:09,565 log 27914 6125465600 Forbidden: /api/myaccount/
WARNING 2025-03-18 02:13:09,567 basehttp 27914 6125465600 "GET /api/myaccount/ HTTP/1.1" 403 58
WARNING 2025-03-18 02:13:15,087 log 27914 6142291968 Forbidden: /api/myaccount/
WARNING 2025-03-18 02:13:15,087 log 27914 6125465600 Forbidden: /api/myaccount/
WARNING 2025-03-18 02:13:15,088 basehttp 27914 6125465600 "GET /api/myaccount/ HTTP/1.1" 403 58
WARNING 2025-03-18 02:13:15,088 basehttp 27914 6142291968 "GET /api/myaccount/ HTTP/1.1" 403 58
WARNING 2025-03-18 02:13:38,447 log 27914 6142291968 Forbidden: /api/myaccount/
WARNING 2025-03-18 02:13:38,448 log 27914 6125465600 Forbidden: /api/myaccount/
WARNING 2025-03-18 02:13:38,449 basehttp 27914 6125465600 "GET /api/myaccount/ HTTP/1.1" 403 58
WARNING 2025-03-18 02:13:38,449 basehttp 27914 6142291968 "GET /api/myaccount/ HTTP/1.1" 403 58
WARNING 2025-03-18 02:13:40,212 log 27914 6142291968 Forbidden: /api/myaccount/
WARNING 2025-03-18 02:13:40,213 log 27914 6125465600 Forbidden: /api/myaccount/
WARNING 2025-03-18 02:13:40,213 basehttp 27914 6142291968 "GET /api/myaccount/ HTTP/1.1" 403 58
WARNING 2025-03-18 02:13:40,213 basehttp 27914 6125465600 "GET /api/myaccount/ HTTP/1.1" 403 58
WARNING 2025-03-18 02:13:40,232 log 27914 6142291968 Forbidden: /api/cars/
WARNING 2025-03-18 02:13:40,233 log 27914 6125465600 Forbidden: /api/cars/
WARNING 2025-03-18 02:13:40,233 basehttp 27914 6142291968 "GET /api/cars/ HTTP/1.1" 403 58
WARNING 2025-03-18 02:13:40,233 basehttp 27914 6125465600 "GET /api/cars/ HTTP/1.1" 403 58
WARNING 2025-03-18 02:13:41,474 log 27914 6142291968 Forbidden: /api/myaccount/
WARNING 2025-03-18 02:13:41,475 log 27914 6125465600 Forbidden: /api/myaccount/
WARNING 2025-03-18 02:13:41,476 basehttp 27914 6142291968 "GET /api/myaccount/ HTTP/1.1" 403 58
WARNING 2025-03-18 02:13:41,476 basehttp 27914 6125465600 "GET /api/myaccount/ HTTP/1.1" 403 58
WARNING 2025-03-18 02:16:10,919 log 27914 6125465600 Forbidden: /api/myaccount/
WARNING 2025-03-18 02:16:10,923 log 27914 6142291968 Forbidden: /api/myaccount/
WARNING 2025-03-18 02:16:10,925 basehttp 27914 6125465600 "GET /api/myaccount/ HTTP/1.1" 403 58
WARNING 2025-03-18 02:16:10,925 basehttp 27914 6142291968 "GET /api/myaccount/ HTTP/1.1" 403 58
INFO 2025-03-18 02:16:15,911 basehttp 27914 6125465600 "POST /api/logout/ HTTP/1.1" 200 37
INFO 2025-03-18 02:16:15,930 basehttp 27914 6159118336 "GET /api/movies/ HTTP/1.1" 200 393
INFO 2025-03-18 02:16:15,932 basehttp 27914 6159118336 "GET /api/movies/ HTTP/1.1" 200 393
INFO 2025-03-18 02:16:19,899 basehttp 27914 6142291968 "POST /api/login/ HTTP/1.1" 200 57
WARNING 2025-03-18 02:16:21,142 log 27914 6125465600 Forbidden: /api/myaccount/
WARNING 2025-03-18 02:16:21,143 log 27914 6142291968 Forbidden: /api/myaccount/
WARNING 2025-03-18 02:16:21,144 basehttp 27914 6142291968 "GET /api/myaccount/ HTTP/1.1" 403 58
WARNING 2025-03-18 02:16:21,144 basehttp 27914 6125465600 "GET /api/myaccount/ HTTP/1.1" 403 58
WARNING 2025-03-18 02:16:23,458 log 27914 6142291968 Forbidden: /api/myaccount/
WARNING 2025-03-18 02:16:23,459 log 27914 6125465600 Forbidden: /api/myaccount/
WARNING 2025-03-18 02:16:23,461 basehttp 27914 6142291968 "GET /api/myaccount/ HTTP/1.1" 403 58
WARNING 2025-03-18 02:16:23,462 basehttp 27914 6125465600 "GET /api/myaccount/ HTTP/1.1" 403 58
WARNING 2025-03-18 02:16:23,466 log 27914 6142291968 Forbidden: /api/cars/
WARNING 2025-03-18 02:16:23,466 basehttp 27914 6142291968 "GET /api/cars/ HTTP/1.1" 403 58
WARNING 2025-03-18 02:16:23,471 log 27914 6125465600 Forbidden: /api/cars/
WARNING 2025-03-18 02:16:23,472 basehttp 27914 6125465600 "GET /api/cars/ HTTP/1.1" 403 58
WARNING 2025-03-18 02:16:41,866 log 27914 6142291968 Forbidden: /api/myaccount/
WARNING 2025-03-18 02:16:41,867 log 27914 6125465600 Forbidden: /api/myaccount/
WARNING 2025-03-18 02:16:41,867 basehttp 27914 6142291968 "GET /api/myaccount/ HTTP/1.1" 403 58
WARNING 2025-03-18 02:16:41,868 basehttp 27914 6125465600 "GET /api/myaccount/ HTTP/1.1" 403 58
WARNING 2025-03-18 02:18:45,330 log 27914 6125465600 Forbidden: /api/myaccount/
WARNING 2025-03-18 02:18:45,331 log 27914 6142291968 Forbidden: /api/myaccount/
WARNING 2025-03-18 02:18:45,331 basehttp 27914 6125465600 "GET /api/myaccount/ HTTP/1.1" 403 58
WARNING 2025-03-18 02:18:45,331 basehttp 27914 6142291968 "GET /api/myaccount/ HTTP/1.1" 403 58
WARNING 2025-03-18 02:20:15,333 log 27914 6142291968 Forbidden: /api/myaccount/
WARNING 2025-03-18 02:20:15,333 log 27914 6125465600 Forbidden: /api/myaccount/
WARNING 2025-03-18 02:20:15,334 basehttp 27914 6125465600 "GET /api/myaccount/ HTTP/1.1" 403 58
WARNING 2025-03-18 02:20:15,334 basehttp 27914 6142291968 "GET /api/myaccount/ HTTP/1.1" 403 58
WARNING 2025-03-18 02:20:16,189 log 27914 6125465600 Forbidden: /api/myaccount/
WARNING 2025-03-18 02:20:16,190 log 27914 6142291968 Forbidden: /api/myaccount/
WARNING 2025-03-18 02:20:16,190 basehttp 27914 6125465600 "GET /api/myaccount/ HTTP/1.1" 403 58
WARNING 2025-03-18 02:20:16,190 basehttp 27914 6142291968 "GET /api/myaccount/ HTTP/1.1" 403 58
WARNING 2025-03-18 02:20:16,326 log 27914 6125465600 Forbidden: /api/myaccount/
WARNING 2025-03-18 02:20:16,327 log 27914 6142291968 Forbidden: /api/myaccount/
WARNING 2025-03-18 02:20:16,327 basehttp 27914 6125465600 "GET /api/myaccount/ HTTP/1.1" 403 58
WARNING 2025-03-18 02:20:16,327 basehttp 27914 6142291968 "GET /api/myaccount/ HTTP/1.1" 403 58
WARNING 2025-03-18 02:20:16,499 log 27914 6125465600 Forbidden: /api/myaccount/
WARNING 2025-03-18 02:20:16,500 log 27914 6142291968 Forbidden: /api/myaccount/
WARNING 2025-03-18 02:20:16,500 basehttp 27914 6125465600 "GET /api/myaccount/ HTTP/1.1" 403 58
WARNING 2025-03-18 02:20:16,500 basehttp 27914 6142291968 "GET /api/myaccount/ HTTP/1.1" 403 58
WARNING 2025-03-18 02:20:16,672 log 27914 6125465600 Forbidden: /api/myaccount/
WARNING 2025-03-18 02:20:16,673 log 27914 6142291968 Forbidden: /api/myaccount/
WARNING 2025-03-18 02:20:16,676 basehttp 27914 6125465600 "GET /api/myaccount/ HTTP/1.1" 403 58
WARNING 2025-03-18 02:20:16,676 basehttp 27914 6142291968 "GET /api/myaccount/ HTTP/1.1" 403 58
WARNING 2025-03-18 02:20:16,837 log 27914 6125465600 Forbidden: /api/myaccount/
WARNING 2025-03-18 02:20:16,837 log 27914 6142291968 Forbidden: /api/myaccount/
WARNING 2025-03-18 02:20:16,838 basehttp 27914 6125465600 "GET /api/myaccount/ HTTP/1.1" 403 58
WARNING 2025-03-18 02:20:16,838 basehttp 27914 6142291968 "GET /api/myaccount/ HTTP/1.1" 403 58
WARNING 2025-03-18 02:20:30,390 log 27914 6142291968 Forbidden: /api/myaccount/
WARNING 2025-03-18 02:20:30,390 log 27914 6125465600 Forbidden: /api/myaccount/
WARNING 2025-03-18 02:20:30,391 basehttp 27914 6142291968 "GET /api/myaccount/ HTTP/1.1" 403 58
WARNING 2025-03-18 02:20:30,391 basehttp 27914 6125465600 "GET /api/myaccount/ HTTP/1.1" 403 58
WARNING 2025-03-18 02:21:40,516 log 27914 6142291968 Forbidden: /api/myaccount/
WARNING 2025-03-18 02:21:40,517 basehttp 27914 6142291968 "GET /api/myaccount/ HTTP/1.1" 403 58
WARNING 2025-03-18 02:21:43,327 log 27914 6142291968 Forbidden: /api/myaccount/
WARNING 2025-03-18 02:21:43,328 log 27914 6125465600 Forbidden: /api/myaccount/
WARNING 2025-03-18 02:21:43,328 basehttp 27914 6125465600 "GET /api/myaccount/ HTTP/1.1" 403 58
WARNING 2025-03-18 02:21:43,329 basehttp 27914 6142291968 "GET /api/myaccount/ HTTP/1.1" 403 58
WARNING 2025-03-18 02:21:44,402 log 27914 6125465600 Forbidden: /api/myaccount/
WARNING 2025-03-18 02:21:44,402 basehttp 27914 6125465600 "GET /api/myaccount/ HTTP/1.1" 403 58
WARNING 2025-03-18 02:21:44,886 log 27914 6142291968 Forbidden: /api/myaccount/
WARNING 2025-03-18 02:21:44,886 basehttp 27914 6142291968 "GET /api/myaccount/ HTTP/1.1" 403 58
WARNING 2025-03-18 02:21:45,087 log 27914 6125465600 Forbidden: /api/myaccount/
WARNING 2025-03-18 02:21:45,088 basehttp 27914 6125465600 "GET /api/myaccount/ HTTP/1.1" 403 58
WARNING 2025-03-18 02:21:45,262 log 27914 6142291968 Forbidden: /api/myaccount/
WARNING 2025-03-18 02:21:45,263 basehttp 27914 6142291968 "GET /api/myaccount/ HTTP/1.1" 403 58
WARNING 2025-03-18 02:21:45,425 log 27914 6125465600 Forbidden: /api/myaccount/
WARNING 2025-03-18 02:21:45,425 basehttp 27914 6125465600 "GET /api/myaccount/ HTTP/1.1" 403 58
WARNING 2025-03-18 02:21:45,588 log 27914 6142291968 Forbidden: /api/myaccount/
WARNING 2025-03-18 02:21:45,589 basehttp 27914 6142291968 "GET /api/myaccount/ HTTP/1.1" 403 58
WARNING 2025-03-18 02:21:45,724 log 27914 6125465600 Forbidden: /api/myaccount/
WARNING 2025-03-18 02:21:45,724 basehttp 27914 6125465600 "GET /api/myaccount/ HTTP/1.1" 403 58
WARNING 2025-03-18 02:21:45,907 log 27914 6142291968 Forbidden: /api/myaccount/
WARNING 2025-03-18 02:21:45,908 basehttp 27914 6142291968 "GET /api/myaccount/ HTTP/1.1" 403 58
INFO 2025-03-18 02:23:41,430 basehttp 27914 6125465600 "GET /api/movies/ HTTP/1.1" 200 393
INFO 2025-03-18 02:23:41,432 basehttp 27914 6125465600 "GET /api/movies/ HTTP/1.1" 200 393
WARNING 2025-03-18 02:23:46,456 log 27914 6142291968 Unauthorized: /api/login/
WARNING 2025-03-18 02:23:46,456 basehttp 27914 6142291968 "POST /api/login/ HTTP/1.1" 401 63
INFO 2025-03-18 02:23:50,785 basehttp 27914 6142291968 "POST /api/login/ HTTP/1.1" 200 57
INFO 2025-03-18 02:24:13,436 basehttp 27914 6125465600 "GET /api/movies/ HTTP/1.1" 200 393
INFO 2025-03-18 02:24:13,436 basehttp 27914 6159118336 "GET /api/movies/ HTTP/1.1" 200 393
INFO 2025-03-18 02:24:16,955 basehttp 27914 6142291968 "POST /api/login/ HTTP/1.1" 200 57
INFO 2025-03-18 02:26:58,219 basehttp 27914 6142291968 "OPTIONS /api/users/by-email/silver1%40gmail.com HTTP/1.1" 200 0
WARNING 2025-03-18 02:26:58,233 log 27914 6125465600 Not Found: /api/users/by-email/silver1@gmail.com
WARNING 2025-03-18 02:26:58,234 basehttp 27914 6125465600 "GET /api/users/by-email/silver1%40gmail.com HTTP/1.1" 404 6726
WARNING 2025-03-18 02:26:58,237 log 27914 6159118336 Forbidden: /api/myaccount/
WARNING 2025-03-18 02:26:58,238 basehttp 27914 6159118336 "GET /api/myaccount/ HTTP/1.1" 403 58
WARNING 2025-03-18 02:26:58,239 log 27914 6125465600 Not Found: /api/users/by-email/silver1@gmail.com
WARNING 2025-03-18 02:26:58,239 basehttp 27914 6125465600 "GET /api/users/by-email/silver1%40gmail.com HTTP/1.1" 404 6726
WARNING 2025-03-18 02:26:58,241 log 27914 6125465600 Forbidden: /api/myaccount/
WARNING 2025-03-18 02:26:58,241 basehttp 27914 6125465600 "GET /api/myaccount/ HTTP/1.1" 403 58
WARNING 2025-03-18 02:27:00,750 log 27914 6125465600 Not Found: /api/users/by-email/silver1@gmail.com
WARNING 2025-03-18 02:27:00,750 basehttp 27914 6125465600 "GET /api/users/by-email/silver1%40gmail.com HTTP/1.1" 404 6726
WARNING 2025-03-18 02:27:00,751 log 27914 6159118336 Not Found: /api/users/by-email/silver1@gmail.com
WARNING 2025-03-18 02:27:00,751 basehttp 27914 6159118336 "GET /api/users/by-email/silver1%40gmail.com HTTP/1.1" 404 6726
WARNING 2025-03-18 02:27:00,753 log 27914 6125465600 Forbidden: /api/myaccount/
WARNING 2025-03-18 02:27:00,754 log 27914 6159118336 Forbidden: /api/myaccount/
WARNING 2025-03-18 02:27:00,754 basehttp 27914 6125465600 "GET /api/myaccount/ HTTP/1.1" 403 58
WARNING 2025-03-18 02:27:00,754 basehttp 27914 6159118336 "GET /api/myaccount/ HTTP/1.1" 403 58
INFO 2025-03-18 02:27:55,314 autoreload 27914 8226224192 /Users/silverstalaninbaraj/Desktop/PandaCar---Django-React-main/backend/api/views.py changed, reloading.
INFO 2025-03-18 02:27:55,688 autoreload 28749 8226224192 Watching for file changes with StatReloader
INFO 2025-03-18 02:33:36,313 autoreload 28749 8226224192 /Users/silverstalaninbaraj/Desktop/PandaCar---Django-React-main/backend/api/views.py changed, reloading.
INFO 2025-03-18 02:33:36,654 autoreload 28934 8226224192 Watching for file changes with StatReloader
INFO 2025-03-18 02:38:19,876 autoreload 28934 8226224192 /Users/silverstalaninbaraj/Desktop/PandaCar---Django-React-main/backend/api/views.py changed, reloading.
INFO 2025-03-18 02:38:20,241 autoreload 29039 8226224192 Watching for file changes with StatReloader
INFO 2025-03-18 02:38:57,557 autoreload 29039 8226224192 /Users/silverstalaninbaraj/Desktop/PandaCar---Django-React-main/backend/api/urls.py changed, reloading.
INFO 2025-03-18 02:38:57,883 autoreload 29050 8226224192 Watching for file changes with StatReloader
INFO 2025-03-18 02:39:12,783 basehttp 29050 6163165184 "OPTIONS /api/users/by-email/silver1%40gmail.com/ HTTP/1.1" 200 0
WARNING 2025-03-18 02:39:12,800 log 29050 6163165184 Not Found: /api/users/by-email/silver1@gmail.com/
WARNING 2025-03-18 02:39:12,800 basehttp 29050 6163165184 "GET /api/users/by-email/silver1%40gmail.com/ HTTP/1.1" 404 6729
WARNING 2025-03-18 02:39:12,804 log 29050 6163165184 Not Found: /api/users/by-email/silver1@gmail.com/
WARNING 2025-03-18 02:39:12,804 basehttp 29050 6163165184 "GET /api/users/by-email/silver1%40gmail.com/ HTTP/1.1" 404 6729
INFO 2025-03-18 02:39:33,389 basehttp 29050 6163165184 "GET /api/movies/ HTTP/1.1" 200 393
INFO 2025-03-18 02:39:33,391 basehttp 29050 6163165184 "GET /api/movies/ HTTP/1.1" 200 393
INFO 2025-03-18 02:39:35,726 basehttp 29050 6179991552 "POST /api/login/ HTTP/1.1" 200 57
WARNING 2025-03-18 02:39:42,853 log 29050 6196817920 Not Found: /api/users/by-email/silver1@gmail.com/
WARNING 2025-03-18 02:39:42,855 log 29050 6163165184 Not Found: /api/users/by-email/silver1@gmail.com/
WARNING 2025-03-18 02:39:42,855 basehttp 29050 6163165184 "GET /api/users/by-email/silver1%40gmail.com/ HTTP/1.1" 404 6729
WARNING 2025-03-18 02:39:42,855 basehttp 29050 6196817920 "GET /api/users/by-email/silver1%40gmail.com/ HTTP/1.1" 404 6729
WARNING 2025-03-18 02:39:56,018 log 29050 6179991552 Forbidden: /api/myaccount/
WARNING 2025-03-18 02:39:56,020 log 29050 6213644288 Forbidden: /api/myaccount/
WARNING 2025-03-18 02:39:56,021 basehttp 29050 6179991552 "GET /api/myaccount/ HTTP/1.1" 403 58
WARNING 2025-03-18 02:39:56,021 basehttp 29050 6213644288 "GET /api/myaccount/ HTTP/1.1" 403 58
WARNING 2025-03-18 02:39:56,025 log 29050 6213644288 Forbidden: /api/cars/
WARNING 2025-03-18 02:39:56,025 log 29050 6179991552 Forbidden: /api/cars/
WARNING 2025-03-18 02:39:56,026 basehttp 29050 6213644288 "GET /api/cars/ HTTP/1.1" 403 58
WARNING 2025-03-18 02:39:56,026 basehttp 29050 6179991552 "GET /api/cars/ HTTP/1.1" 403 58
WARNING 2025-03-18 02:40:29,319 log 29050 6196817920 Not Found: /api/users/by-email/silver1@gmail.com/
WARNING 2025-03-18 02:40:29,321 log 29050 6163165184 Not Found: /api/users/by-email/silver1@gmail.com/
WARNING 2025-03-18 02:40:29,322 basehttp 29050 6163165184 "GET /api/users/by-email/silver1%40gmail.com/ HTTP/1.1" 404 6729
WARNING 2025-03-18 02:40:29,322 basehttp 29050 6196817920 "GET /api/users/by-email/silver1%40gmail.com/ HTTP/1.1" 404 6729
WARNING 2025-03-18 02:40:30,905 log 29050 6213644288 Forbidden: /api/myaccount/
WARNING 2025-03-18 02:40:30,906 log 29050 6179991552 Forbidden: /api/myaccount/
WARNING 2025-03-18 02:40:30,907 basehttp 29050 6213644288 "GET /api/myaccount/ HTTP/1.1" 403 58
WARNING 2025-03-18 02:40:30,907 basehttp 29050 6179991552 "GET /api/myaccount/ HTTP/1.1" 403 58
WARNING 2025-03-18 02:40:30,911 log 29050 6213644288 Forbidden: /api/cars/
WARNING 2025-03-18 02:40:30,912 log 29050 6179991552 Forbidden: /api/cars/
WARNING 2025-03-18 02:40:30,912 basehttp 29050 6179991552 "GET /api/cars/ HTTP/1.1" 403 58
WARNING 2025-03-18 02:40:30,912 basehttp 29050 6213644288 "GET /api/cars/ HTTP/1.1" 403 58
WARNING 2025-03-18 02:40:32,894 log 29050 6179991552 Forbidden: /api/myaccount/
WARNING 2025-03-18 02:40:32,895 log 29050 6213644288 Forbidden: /api/myaccount/
WARNING 2025-03-18 02:40:32,895 basehttp 29050 6179991552 "GET /api/myaccount/ HTTP/1.1" 403 58
WARNING 2025-03-18 02:40:32,896 basehttp 29050 6213644288 "GET /api/myaccount/ HTTP/1.1" 403 58
WARNING 2025-03-18 02:40:32,908 log 29050 6213644288 Forbidden: /api/cars/
WARNING 2025-03-18 02:40:32,908 log 29050 6179991552 Forbidden: /api/cars/
WARNING 2025-03-18 02:40:32,909 basehttp 29050 6213644288 "GET /api/cars/ HTTP/1.1" 403 58
WARNING 2025-03-18 02:40:32,909 basehttp 29050 6179991552 "GET /api/cars/ HTTP/1.1" 403 58
WARNING 2025-03-18 02:40:41,602 log 29050 6196817920 Not Found: /api/users/by-email/silver1@gmail.com/
WARNING 2025-03-18 02:40:41,604 log 29050 6163165184 Not Found: /api/users/by-email/silver1@gmail.com/
WARNING 2025-03-18 02:40:41,604 basehttp 29050 6196817920 "GET /api/users/by-email/silver1%40gmail.com/ HTTP/1.1" 404 6729
WARNING 2025-03-18 02:40:41,605 basehttp 29050 6163165184 "GET /api/users/by-email/silver1%40gmail.com/ HTTP/1.1" 404 6729
WARNING 2025-03-18 02:40:43,416 log 29050 6213644288 Forbidden: /api/myaccount/
WARNING 2025-03-18 02:40:43,417 log 29050 6179991552 Forbidden: /api/myaccount/
WARNING 2025-03-18 02:40:43,420 basehttp 29050 6213644288 "GET /api/myaccount/ HTTP/1.1" 403 58
WARNING 2025-03-18 02:40:43,421 basehttp 29050 6179991552 "GET /api/myaccount/ HTTP/1.1" 403 58
WARNING 2025-03-18 02:40:43,426 log 29050 6213644288 Forbidden: /api/cars/
WARNING 2025-03-18 02:40:43,427 log 29050 6179991552 Forbidden: /api/cars/
WARNING 2025-03-18 02:40:43,427 basehttp 29050 6213644288 "GET /api/cars/ HTTP/1.1" 403 58
WARNING 2025-03-18 02:40:43,428 basehttp 29050 6179991552 "GET /api/cars/ HTTP/1.1" 403 58
INFO 2025-03-18 02:42:10,317 basehttp 29050 6196817920 "GET /api/movies/ HTTP/1.1" 200 393
INFO 2025-03-18 02:42:10,318 basehttp 29050 6163165184 "GET /api/movies/ HTTP/1.1" 200 393
INFO 2025-03-18 02:42:13,476 basehttp 29050 6213644288 "POST /api/login/ HTTP/1.1" 200 57
WARNING 2025-03-18 02:42:14,983 log 29050 6196817920 Not Found: /api/users/by-email/silver1@gmail.com/
WARNING 2025-03-18 02:42:14,985 log 29050 6163165184 Not Found: /api/users/by-email/silver1@gmail.com/
WARNING 2025-03-18 02:42:14,986 basehttp 29050 6163165184 "GET /api/users/by-email/silver1%40gmail.com/ HTTP/1.1" 404 6729
WARNING 2025-03-18 02:42:14,986 basehttp 29050 6196817920 "GET /api/users/by-email/silver1%40gmail.com/ HTTP/1.1" 404 6729
INFO 2025-03-18 02:42:15,984 basehttp 29050 6163165184 "GET /api/movies/ HTTP/1.1" 200 393
INFO 2025-03-18 02:42:15,987 basehttp 29050 6196817920 "GET /api/movies/ HTTP/1.1" 200 393
WARNING 2025-03-18 02:42:21,612 log 29050 6179991552 Unauthorized: /api/login/
WARNING 2025-03-18 02:42:21,612 basehttp 29050 6179991552 "POST /api/login/ HTTP/1.1" 401 63
INFO 2025-03-18 02:42:24,418 basehttp 29050 6179991552 "POST /api/login/ HTTP/1.1" 200 57
WARNING 2025-03-18 02:42:26,582 log 29050 6213644288 Forbidden: /api/myaccount/
WARNING 2025-03-18 02:42:26,582 log 29050 6179991552 Forbidden: /api/myaccount/
WARNING 2025-03-18 02:42:26,583 basehttp 29050 6213644288 "GET /api/myaccount/ HTTP/1.1" 403 58
WARNING 2025-03-18 02:42:26,584 basehttp 29050 6179991552 "GET /api/myaccount/ HTTP/1.1" 403 58
WARNING 2025-03-18 02:42:26,591 log 29050 6213644288 Forbidden: /api/cars/
WARNING 2025-03-18 02:42:26,592 log 29050 6179991552 Forbidden: /api/cars/
WARNING 2025-03-18 02:42:26,592 basehttp 29050 6213644288 "GET /api/cars/ HTTP/1.1" 403 58
WARNING 2025-03-18 02:42:26,592 basehttp 29050 6179991552 "GET /api/cars/ HTTP/1.1" 403 58
INFO 2025-03-18 02:42:31,587 basehttp 29050 6196817920 "GET /api/movies/ HTTP/1.1" 200 393
INFO 2025-03-18 02:42:31,587 basehttp 29050 6163165184 "GET /api/movies/ HTTP/1.1" 200 393
INFO 2025-03-18 02:42:34,867 basehttp 29050 6179991552 "POST /api/login/ HTTP/1.1" 200 57
WARNING 2025-03-18 02:42:36,488 log 29050 6179991552 Forbidden: /api/myaccount/
WARNING 2025-03-18 02:42:36,489 log 29050 6213644288 Forbidden: /api/myaccount/
WARNING 2025-03-18 02:42:36,490 basehttp 29050 6213644288 "GET /api/myaccount/ HTTP/1.1" 403 58
WARNING 2025-03-18 02:42:36,490 basehttp 29050 6179991552 "GET /api/myaccount/ HTTP/1.1" 403 58
WARNING 2025-03-18 02:42:36,497 log 29050 6213644288 Forbidden: /api/cars/
WARNING 2025-03-18 02:42:36,497 log 29050 6179991552 Forbidden: /api/cars/
WARNING 2025-03-18 02:42:36,498 basehttp 29050 6213644288 "GET /api/cars/ HTTP/1.1" 403 58
WARNING 2025-03-18 02:42:36,498 basehttp 29050 6179991552 "GET /api/cars/ HTTP/1.1" 403 58
WARNING 2025-03-18 02:46:39,742 log 29050 6163165184 Forbidden: /api/myaccount/
WARNING 2025-03-18 02:46:39,743 log 29050 6179991552 Forbidden: /api/myaccount/
WARNING 2025-03-18 02:46:39,744 basehttp 29050 6163165184 "GET /api/myaccount/ HTTP/1.1" 403 58
WARNING 2025-03-18 02:46:39,744 basehttp 29050 6179991552 "GET /api/myaccount/ HTTP/1.1" 403 58
WARNING 2025-03-18 02:46:39,749 log 29050 6163165184 Forbidden: /api/cars/
WARNING 2025-03-18 02:46:39,750 log 29050 6179991552 Forbidden: /api/cars/
WARNING 2025-03-18 02:46:39,750 basehttp 29050 6163165184 "GET /api/cars/ HTTP/1.1" 403 58
WARNING 2025-03-18 02:46:39,751 basehttp 29050 6179991552 "GET /api/cars/ HTTP/1.1" 403 58
INFO 2025-03-18 02:46:42,299 basehttp 29050 6196817920 "OPTIONS /api/users/by-email/silver%40gmail.com/ HTTP/1.1" 200 0
WARNING 2025-03-18 02:46:42,312 log 29050 6196817920 Not Found: /api/users/by-email/silver@gmail.com/
WARNING 2025-03-18 02:46:42,312 basehttp 29050 6196817920 "GET /api/users/by-email/silver%40gmail.com/ HTTP/1.1" 404 6726
WARNING 2025-03-18 02:46:42,319 log 29050 6196817920 Not Found: /api/users/by-email/silver@gmail.com/
WARNING 2025-03-18 02:46:42,319 basehttp 29050 6196817920 "GET /api/users/by-email/silver%40gmail.com/ HTTP/1.1" 404 6726
INFO 2025-03-18 02:46:52,425 basehttp 29050 6196817920 "OPTIONS /api/users/by-email/bypass%40example.com/ HTTP/1.1" 200 0
WARNING 2025-03-18 02:46:52,436 log 29050 6196817920 Not Found: /api/users/by-email/bypass@example.com/
WARNING 2025-03-18 02:46:52,436 basehttp 29050 6196817920 "GET /api/users/by-email/bypass%40example.com/ HTTP/1.1" 404 6732
WARNING 2025-03-18 02:46:52,444 log 29050 6196817920 Not Found: /api/users/by-email/bypass@example.com/
WARNING 2025-03-18 02:46:52,444 basehttp 29050 6196817920 "GET /api/users/by-email/bypass%40example.com/ HTTP/1.1" 404 6732
INFO 2025-03-18 02:46:53,445 basehttp 29050 6196817920 "GET /api/movies/ HTTP/1.1" 200 393
INFO 2025-03-18 02:46:53,445 basehttp 29050 6213644288 "GET /api/movies/ HTTP/1.1" 200 393
INFO 2025-03-18 02:46:57,128 basehttp 29050 6163165184 "POST /api/login/ HTTP/1.1" 200 57
INFO 2025-03-18 02:46:58,561 basehttp 29050 6196817920 "OPTIONS /api/users/by-email/Sanjith%40gmail.com/ HTTP/1.1" 200 0
WARNING 2025-03-18 02:46:58,566 log 29050 6196817920 Not Found: /api/users/by-email/Sanjith@gmail.com/
WARNING 2025-03-18 02:46:58,567 basehttp 29050 6196817920 "GET /api/users/by-email/Sanjith%40gmail.com/ HTTP/1.1" 404 6729
WARNING 2025-03-18 02:46:58,572 log 29050 6196817920 Not Found: /api/users/by-email/Sanjith@gmail.com/
WARNING 2025-03-18 02:46:58,572 basehttp 29050 6196817920 "GET /api/users/by-email/Sanjith%40gmail.com/ HTTP/1.1" 404 6729
INFO 2025-03-18 02:47:21,909 basehttp 29050 6196817920 "GET /api/movies/ HTTP/1.1" 200 393
INFO 2025-03-18 02:47:21,912 basehttp 29050 6196817920 "GET /api/movies/ HTTP/1.1" 200 393
INFO 2025-03-18 02:47:28,878 basehttp 29050 6179991552 "POST /api/login/ HTTP/1.1" 200 57
WARNING 2025-03-18 02:47:30,781 log 29050 6213644288 Not Found: /api/users/by-email/silver1@gmail.com/
WARNING 2025-03-18 02:47:30,782 log 29050 6196817920 Not Found: /api/users/by-email/silver1@gmail.com/
WARNING 2025-03-18 02:47:30,783 basehttp 29050 6213644288 "GET /api/users/by-email/silver1%40gmail.com/ HTTP/1.1" 404 6729
WARNING 2025-03-18 02:47:30,783 basehttp 29050 6196817920 "GET /api/users/by-email/silver1%40gmail.com/ HTTP/1.1" 404 6729
WARNING 2025-03-18 02:47:37,450 log 29050 6163165184 Forbidden: /api/myaccount/
WARNING 2025-03-18 02:47:37,450 log 29050 6179991552 Forbidden: /api/myaccount/
WARNING 2025-03-18 02:47:37,451 basehttp 29050 6163165184 "GET /api/myaccount/ HTTP/1.1" 403 58
WARNING 2025-03-18 02:47:37,451 basehttp 29050 6179991552 "GET /api/myaccount/ HTTP/1.1" 403 58
WARNING 2025-03-18 02:47:37,545 log 29050 6163165184 Forbidden: /api/cars/
WARNING 2025-03-18 02:47:37,545 log 29050 6179991552 Forbidden: /api/cars/
WARNING 2025-03-18 02:47:37,546 basehttp 29050 6163165184 "GET /api/cars/ HTTP/1.1" 403 58
WARNING 2025-03-18 02:47:37,546 basehttp 29050 6179991552 "GET /api/cars/ HTTP/1.1" 403 58
WARNING 2025-03-18 02:47:38,101 log 29050 6213644288 Not Found: /api/users/by-email/silver1@gmail.com/
WARNING 2025-03-18 02:47:38,101 basehttp 29050 6213644288 "GET /api/users/by-email/silver1%40gmail.com/ HTTP/1.1" 404 6729
WARNING 2025-03-18 02:47:38,104 log 29050 6196817920 Not Found: /api/users/by-email/silver1@gmail.com/
WARNING 2025-03-18 02:47:38,104 basehttp 29050 6196817920 "GET /api/users/by-email/silver1%40gmail.com/ HTTP/1.1" 404 6729
INFO 2025-03-18 02:47:39,236 basehttp 29050 6196817920 "GET /api/movies/ HTTP/1.1" 200 393
INFO 2025-03-18 02:47:39,238 basehttp 29050 6196817920 "GET /api/movies/ HTTP/1.1" 200 393
INFO 2025-03-18 02:47:49,485 basehttp 29050 6163165184 "POST /api/login/ HTTP/1.1" 200 57
INFO 2025-03-18 02:47:50,764 basehttp 29050 6196817920 "OPTIONS /api/users/by-email/S%40gmail.com/ HTTP/1.1" 200 0
WARNING 2025-03-18 02:47:50,775 log 29050 6196817920 Not Found: /api/users/by-email/S@gmail.com/
WARNING 2025-03-18 02:47:50,775 basehttp 29050 6196817920 "GET /api/users/by-email/S%40gmail.com/ HTTP/1.1" 404 6711
WARNING 2025-03-18 02:47:50,781 log 29050 6196817920 Not Found: /api/users/by-email/S@gmail.com/
WARNING 2025-03-18 02:47:50,782 basehttp 29050 6196817920 "GET /api/users/by-email/S%40gmail.com/ HTTP/1.1" 404 6711
WARNING 2025-03-18 02:48:06,511 log 29050 6163165184 Forbidden: /api/myaccount/
WARNING 2025-03-18 02:48:06,512 log 29050 6179991552 Forbidden: /api/myaccount/
WARNING 2025-03-18 02:48:06,513 basehttp 29050 6163165184 "GET /api/myaccount/ HTTP/1.1" 403 58
WARNING 2025-03-18 02:48:06,513 basehttp 29050 6179991552 "GET /api/myaccount/ HTTP/1.1" 403 58
WARNING 2025-03-18 02:48:06,517 log 29050 6163165184 Forbidden: /api/cars/
WARNING 2025-03-18 02:48:06,517 log 29050 6179991552 Forbidden: /api/cars/
WARNING 2025-03-18 02:48:06,517 basehttp 29050 6163165184 "GET /api/cars/ HTTP/1.1" 403 58
WARNING 2025-03-18 02:48:06,518 basehttp 29050 6179991552 "GET /api/cars/ HTTP/1.1" 403 58
INFO 2025-03-18 02:49:59,832 autoreload 29050 8226224192 /Users/silverstalaninbaraj/Desktop/PandaCar---Django-React-main/backend/api/views.py changed, reloading.
INFO 2025-03-18 02:50:00,190 autoreload 29243 8226224192 Watching for file changes with StatReloader
INFO 2025-03-18 02:50:10,530 autoreload 29243 8226224192 /Users/silverstalaninbaraj/Desktop/PandaCar---Django-React-main/backend/api/views.py changed, reloading.
INFO 2025-03-18 02:50:10,815 autoreload 29271 8226224192 Watching for file changes with StatReloader
WARNING 2025-03-18 02:51:25,371 log 29271 6219001856 Not Found: /api/users/by-email/S@gmail.com/
WARNING 2025-03-18 02:51:25,372 log 29271 6202175488 Not Found: /api/users/by-email/S@gmail.com/
WARNING 2025-03-18 02:51:25,373 basehttp 29271 6202175488 "GET /api/users/by-email/S%40gmail.com/ HTTP/1.1" 404 6711
WARNING 2025-03-18 02:51:25,374 basehttp 29271 6219001856 "GET /api/users/by-email/S%40gmail.com/ HTTP/1.1" 404 6711
WARNING 2025-03-18 02:52:51,534 log 29271 6235828224 Forbidden: /api/myaccount/
WARNING 2025-03-18 02:52:51,536 log 29271 6252654592 Forbidden: /api/myaccount/
WARNING 2025-03-18 02:52:51,537 basehttp 29271 6235828224 "GET /api/myaccount/ HTTP/1.1" 403 58
WARNING 2025-03-18 02:52:51,537 basehttp 29271 6252654592 "GET /api/myaccount/ HTTP/1.1" 403 58
WARNING 2025-03-18 02:52:56,974 log 29271 6235828224 Forbidden: /api/myaccount/
WARNING 2025-03-18 02:52:56,975 log 29271 6252654592 Forbidden: /api/myaccount/
WARNING 2025-03-18 02:52:56,975 basehttp 29271 6252654592 "GET /api/myaccount/ HTTP/1.1" 403 58
WARNING 2025-03-18 02:52:56,975 basehttp 29271 6235828224 "GET /api/myaccount/ HTTP/1.1" 403 58
WARNING 2025-03-18 02:52:57,983 log 29271 6235828224 Forbidden: /api/myaccount/
WARNING 2025-03-18 02:52:57,984 log 29271 6252654592 Forbidden: /api/myaccount/
WARNING 2025-03-18 02:52:57,985 basehttp 29271 6235828224 "GET /api/myaccount/ HTTP/1.1" 403 58
WARNING 2025-03-18 02:52:57,985 basehttp 29271 6252654592 "GET /api/myaccount/ HTTP/1.1" 403 58
WARNING 2025-03-18 02:52:58,161 log 29271 6235828224 Forbidden: /api/myaccount/
WARNING 2025-03-18 02:52:58,161 log 29271 6252654592 Forbidden: /api/myaccount/
WARNING 2025-03-18 02:52:58,161 basehttp 29271 6235828224 "GET /api/myaccount/ HTTP/1.1" 403 58
WARNING 2025-03-18 02:52:58,162 basehttp 29271 6252654592 "GET /api/myaccount/ HTTP/1.1" 403 58
WARNING 2025-03-18 02:52:58,328 log 29271 6235828224 Forbidden: /api/myaccount/
WARNING 2025-03-18 02:52:58,329 log 29271 6252654592 Forbidden: /api/myaccount/
WARNING 2025-03-18 02:52:58,330 basehttp 29271 6252654592 "GET /api/myaccount/ HTTP/1.1" 403 58
WARNING 2025-03-18 02:52:58,330 basehttp 29271 6235828224 "GET /api/myaccount/ HTTP/1.1" 403 58
WARNING 2025-03-18 02:52:58,561 log 29271 6252654592 Forbidden: /api/myaccount/
WARNING 2025-03-18 02:52:58,562 log 29271 6235828224 Forbidden: /api/myaccount/
WARNING 2025-03-18 02:52:58,562 basehttp 29271 6252654592 "GET /api/myaccount/ HTTP/1.1" 403 58
WARNING 2025-03-18 02:52:58,562 basehttp 29271 6235828224 "GET /api/myaccount/ HTTP/1.1" 403 58
WARNING 2025-03-18 02:53:02,869 log 29271 6202175488 Not Found: /api/users/by-email/S@gmail.com/
WARNING 2025-03-18 02:53:02,870 log 29271 6219001856 Not Found: /api/users/by-email/S@gmail.com/
WARNING 2025-03-18 02:53:02,871 basehttp 29271 6219001856 "GET /api/users/by-email/S%40gmail.com/ HTTP/1.1" 404 6711
WARNING 2025-03-18 02:53:02,871 basehttp 29271 6202175488 "GET /api/users/by-email/S%40gmail.com/ HTTP/1.1" 404 6711
WARNING 2025-03-18 02:53:30,878 log 29271 6252654592 Forbidden: /api/myaccount/
WARNING 2025-03-18 02:53:30,878 log 29271 6235828224 Forbidden: /api/myaccount/
WARNING 2025-03-18 02:53:30,879 basehttp 29271 6252654592 "GET /api/myaccount/ HTTP/1.1" 403 58
WARNING 2025-03-18 02:53:30,879 basehttp 29271 6235828224 "GET /api/myaccount/ HTTP/1.1" 403 58
WARNING 2025-03-18 02:53:30,884 log 29271 6252654592 Forbidden: /api/cars/
WARNING 2025-03-18 02:53:30,885 log 29271 6235828224 Forbidden: /api/cars/
WARNING 2025-03-18 02:53:30,885 basehttp 29271 6252654592 "GET /api/cars/ HTTP/1.1" 403 58
WARNING 2025-03-18 02:53:30,885 basehttp 29271 6235828224 "GET /api/cars/ HTTP/1.1" 403 58
WARNING 2025-03-18 02:54:02,072 log 29271 6202175488 Not Found: /api/users/by-email/S@gmail.com/
WARNING 2025-03-18 02:54:02,074 log 29271 6219001856 Not Found: /api/users/by-email/S@gmail.com/
WARNING 2025-03-18 02:54:02,074 basehttp 29271 6202175488 "GET /api/users/by-email/S%40gmail.com/ HTTP/1.1" 404 6711
WARNING 2025-03-18 02:54:02,075 basehttp 29271 6219001856 "GET /api/users/by-email/S%40gmail.com/ HTTP/1.1" 404 6711
INFO 2025-03-18 02:54:03,287 basehttp 29271 6202175488 "GET /api/movies/ HTTP/1.1" 200 393
INFO 2025-03-18 02:54:03,288 basehttp 29271 6219001856 "GET /api/movies/ HTTP/1.1" 200 393
INFO 2025-03-18 02:54:07,398 basehttp 29271 6252654592 "POST /api/login/ HTTP/1.1" 200 57
WARNING 2025-03-18 02:54:08,617 log 29271 6235828224 Forbidden: /api/myaccount/
WARNING 2025-03-18 02:54:08,618 log 29271 6252654592 Forbidden: /api/myaccount/
WARNING 2025-03-18 02:54:08,619 basehttp 29271 6235828224 "GET /api/myaccount/ HTTP/1.1" 403 58
WARNING 2025-03-18 02:54:08,619 basehttp 29271 6252654592 "GET /api/myaccount/ HTTP/1.1" 403 58
WARNING 2025-03-18 02:54:08,622 log 29271 6235828224 Forbidden: /api/cars/
WARNING 2025-03-18 02:54:08,623 basehttp 29271 6235828224 "GET /api/cars/ HTTP/1.1" 403 58
WARNING 2025-03-18 02:54:08,628 log 29271 6252654592 Forbidden: /api/cars/
WARNING 2025-03-18 02:54:08,628 basehttp 29271 6252654592 "GET /api/cars/ HTTP/1.1" 403 58
WARNING 2025-03-18 02:54:14,721 log 29271 6202175488 Not Found: /api/users/by-email/Sanjith@gmail.com/
WARNING 2025-03-18 02:54:14,723 log 29271 6219001856 Not Found: /api/users/by-email/Sanjith@gmail.com/
WARNING 2025-03-18 02:54:14,723 basehttp 29271 6202175488 "GET /api/users/by-email/Sanjith%40gmail.com/ HTTP/1.1" 404 6729
WARNING 2025-03-18 02:54:14,724 basehttp 29271 6219001856 "GET /api/users/by-email/Sanjith%40gmail.com/ HTTP/1.1" 404 6729
WARNING 2025-03-18 02:54:25,439 log 29271 6235828224 Forbidden: /api/myaccount/
WARNING 2025-03-18 02:54:25,440 log 29271 6252654592 Forbidden: /api/myaccount/
WARNING 2025-03-18 02:54:25,440 basehttp 29271 6235828224 "GET /api/myaccount/ HTTP/1.1" 403 58
WARNING 2025-03-18 02:54:25,441 basehttp 29271 6252654592 "GET /api/myaccount/ HTTP/1.1" 403 58
WARNING 2025-03-18 02:54:25,446 log 29271 6235828224 Forbidden: /api/cars/
WARNING 2025-03-18 02:54:25,446 log 29271 6252654592 Forbidden: /api/cars/
WARNING 2025-03-18 02:54:25,447 basehttp 29271 6252654592 "GET /api/cars/ HTTP/1.1" 403 58
WARNING 2025-03-18 02:54:25,447 basehttp 29271 6235828224 "GET /api/cars/ HTTP/1.1" 403 58
INFO 2025-03-18 02:56:58,471 autoreload 29271 8226224192 /Users/silverstalaninbaraj/Desktop/PandaCar---Django-React-main/backend/backendpandacar/custom_classes.py changed, reloading.
INFO 2025-03-18 02:56:58,861 autoreload 29422 8226224192 Watching for file changes with StatReloader
WARNING 2025-03-18 02:57:11,874 log 29422 6205468672 Forbidden: /api/myaccount/
WARNING 2025-03-18 02:57:11,875 log 29422 6222295040 Forbidden: /api/myaccount/
WARNING 2025-03-18 02:57:11,876 basehttp 29422 6205468672 "GET /api/myaccount/ HTTP/1.1" 403 58
WARNING 2025-03-18 02:57:11,877 basehttp 29422 6222295040 "GET /api/myaccount/ HTTP/1.1" 403 58
WARNING 2025-03-18 02:57:11,880 log 29422 6205468672 Forbidden: /api/cars/
WARNING 2025-03-18 02:57:11,881 log 29422 6222295040 Forbidden: /api/cars/
WARNING 2025-03-18 02:57:11,881 basehttp 29422 6222295040 "GET /api/cars/ HTTP/1.1" 403 58
WARNING 2025-03-18 02:57:11,881 basehttp 29422 6205468672 "GET /api/cars/ HTTP/1.1" 403 58
WARNING 2025-03-18 02:57:12,131 log 29422 6222295040 Forbidden: /api/myaccount/
WARNING 2025-03-18 02:57:12,132 log 29422 6205468672 Forbidden: /api/myaccount/
WARNING 2025-03-18 02:57:12,132 basehttp 29422 6205468672 "GET /api/myaccount/ HTTP/1.1" 403 58
WARNING 2025-03-18 02:57:12,133 basehttp 29422 6222295040 "GET /api/myaccount/ HTTP/1.1" 403 58
WARNING 2025-03-18 02:57:12,136 log 29422 6205468672 Forbidden: /api/cars/
WARNING 2025-03-18 02:57:12,136 basehttp 29422 6205468672 "GET /api/cars/ HTTP/1.1" 403 58
WARNING 2025-03-18 02:57:12,137 log 29422 6222295040 Forbidden: /api/cars/
WARNING 2025-03-18 02:57:12,137 basehttp 29422 6222295040 "GET /api/cars/ HTTP/1.1" 403 58
WARNING 2025-03-18 02:57:12,287 log 29422 6205468672 Forbidden: /api/myaccount/
WARNING 2025-03-18 02:57:12,287 log 29422 6222295040 Forbidden: /api/myaccount/
WARNING 2025-03-18 02:57:12,288 basehttp 29422 6205468672 "GET /api/myaccount/ HTTP/1.1" 403 58
WARNING 2025-03-18 02:57:12,288 basehttp 29422 6222295040 "GET /api/myaccount/ HTTP/1.1" 403 58
WARNING 2025-03-18 02:57:12,297 log 29422 6205468672 Forbidden: /api/cars/
WARNING 2025-03-18 02:57:12,298 log 29422 6222295040 Forbidden: /api/cars/
WARNING 2025-03-18 02:57:12,298 basehttp 29422 6205468672 "GET /api/cars/ HTTP/1.1" 403 58
WARNING 2025-03-18 02:57:12,298 basehttp 29422 6222295040 "GET /api/cars/ HTTP/1.1" 403 58
WARNING 2025-03-18 02:57:12,440 log 29422 6205468672 Forbidden: /api/myaccount/
WARNING 2025-03-18 02:57:12,440 log 29422 6222295040 Forbidden: /api/myaccount/
WARNING 2025-03-18 02:57:12,441 basehttp 29422 6222295040 "GET /api/myaccount/ HTTP/1.1" 403 58
WARNING 2025-03-18 02:57:12,441 basehttp 29422 6205468672 "GET /api/myaccount/ HTTP/1.1" 403 58
WARNING 2025-03-18 02:57:12,450 log 29422 6205468672 Forbidden: /api/cars/
WARNING 2025-03-18 02:57:12,451 log 29422 6222295040 Forbidden: /api/cars/
WARNING 2025-03-18 02:57:12,451 basehttp 29422 6205468672 "GET /api/cars/ HTTP/1.1" 403 58
WARNING 2025-03-18 02:57:12,451 basehttp 29422 6222295040 "GET /api/cars/ HTTP/1.1" 403 58
INFO 2025-03-18 02:57:51,614 autoreload 29422 8226224192 /Users/silverstalaninbaraj/Desktop/PandaCar---Django-React-main/backend/backendpandacar/custom_classes.py changed, reloading.
INFO 2025-03-18 02:57:51,913 autoreload 29447 8226224192 Watching for file changes with StatReloader
INFO 2025-03-18 02:58:50,628 autoreload 29447 8226224192 /Users/silverstalaninbaraj/Desktop/PandaCar---Django-React-main/backend/backendpandacar/custom_classes.py changed, reloading.
INFO 2025-03-18 02:58:51,001 autoreload 29460 8226224192 Watching for file changes with StatReloader
INFO 2025-03-18 02:58:58,301 autoreload 29460 8226224192 /Users/silverstalaninbaraj/Desktop/PandaCar---Django-React-main/backend/backendpandacar/custom_classes.py changed, reloading.
INFO 2025-03-18 02:58:58,585 autoreload 29468 8226224192 Watching for file changes with StatReloader
